---
title: "PostgreSQL并行查询"
date: 2019-12-19
draft: false
author: "Iven"
---

PostgreSQL并行查询
<!--more-->

## 相关参数

**max_worker_processes(integer)**: 设置系统支持的最大后台进程数，如果有备库此参数必须大于或等于主库上的此参数配置值，此参数调整后需重启数据库  
**dynamic_shared_memory_type**：动态共享内存实现，可以实现进程之间的内存共享，禁止使用none  
**max_parallel_workers(integer)**：设置系统支持的并行查询进程数   
**max_parallel_workers_per_gather(integer)**：设置每个查询计划允许启用的并行进程的进程数  
**parallel_setup_cost(floating point)**: 设置优化器启动并行进程的成本  
**parallel_tuple_cost(floating point)**：设置优化器通过并行进程处理一行数据的成本  
**min_parallel_table_scan_szie(integer)**: 设置开启并行的条件之一，表占用空间小于此值将不会开启并行，并行顺序扫描场景下扫描的数据大小通常等于表大小  
**min_parallel_index_scan_size(integer)**: 设置开启并行的条件之一，实际上并行索引扫描不会扫描索引所有数据块，只是扫描索引相关数据库  
**force_parallel_mode(enum)**：强制开启并行(on)  


## 查询不会产生并行计划的情况

- 查询要写任何数据或者锁定任何数据库行，比如查询在顶层或者CTE中包含了数据修改操作。
- 查询可能在执行过程中被暂停。 例如用FOR x IN query或者DECLARE CURSOR。
- 使用了任何被标记为PARALLEL UNSAFE的函数的查询。
- 该查询运行在另一个已经存在的并行查询内部。
- 事务隔离级别是可串行化。
- 后台工作者进程数超过max_worker_processes
- 并行查询的进程数max_parallel_workers
- 事务隔离级别是可串行化。

## 并行查询

pendding

```
postgres=# insert into test_big(id, name)  select n,n || '_test' from generate_series(1, 20000000) as  n;
INSERT 0 20000000

使用并行查询
postgres=# explain analyze select * from test_big where name='1_test';
                                                           QUERY PLAN
------------------------------------------------------------------------------------------------------------------------------------------------------------------------------                                       rows=1 loops=1)
 Gather  (cost=1000.00..180829.00 rows=46777 width=82) (actual time=4.351..7812.818
rows=1 loops=1)
   Workers Planned: 2
   Workers Launched: 2
   ->  Parallel Seq Scan on test_big  (cost=0.00..175151.30 rows=19490 width=82) (actual time=4720.542..7088.404 rows=0 loops=3)
         Filter: ((name)::text = '1_test'::text)
         Rows Removed by Filter: 6666666
 Planning Time: 0.058 ms
 Execution Time: 1934.766 ms
(8 rows)

关闭并行查询
postgres=# set max_parallel_workers_per_gather=0;
SET

不使用并行查询
postgres=# explain analyze select * from test_big where name='1_test';
                                                QUERY PLAN
-----------------------------------------------------------------------------------------------------------
 Seq Scan on test_big  (cost=0.00..376398.40 rows=1 width=17) (actual time=0.019..1934.744 rows=1 loops=1)
   Filter: ((name)::text = '1_test'::text)
   Rows Removed by Filter: 19999999
 Planning Time: 0.136 ms
 Execution Time: 7934.766 ms
(5 rows)

```

