---
title: "PostgreSQL 性能优化"
date: 2019-12-31
author: "Iven"
draft: false
---

PostgreSQL 性能优化和查看各种统计信息
<!--more-->

## 全局参数调整
### shared_buffers
数据库启动的时候，就会分配所有的共享内存，即使没有请求，共享内存也会保持固定的大小，共享内存大小由shared_buffers参数决定。当PostgreSQL在接受到客户端请求时，服务进程会首先在shared_buffers查找所需的数据，则会从操作系统请求数据，多数情况这些数据将从磁盘进行加载，磁盘加载比从内存加载要慢，所以增加shared_buffers可以提高查询速度

### work_mem
work_mem用来限制每个服务进程进行排序或hash时的内存分配，指定内部排序和hash在使用临时磁盘文件之前能使用的内存数量，默认值是4MB,因为它是针对每个服务进程设置的所以不建议设置的太大

### random_page_cost
random_page_cost代表随机访问磁盘块的代价估计，参数的默认值是4，建议将它设置为比seq_page_cost稍大即可。

---

## 统计信息和查询计划
### pg_stat_database
数据库级的统计信息可以通过pg_stat_database这个系统视图来查看
```text
e_commerce=# \d pg_stat_database
                     View "pg_catalog.pg_stat_database"
     Column     |           Type           | Collation | Nullable | Default
----------------+--------------------------+-----------+----------+---------
 datid          | oid                      |           |          |
 datname        | name                     |           |          |
 numbackends    | integer                  |           |          |
 xact_commit    | bigint                   |           |          |
 xact_rollback  | bigint                   |           |          |
 blks_read      | bigint                   |           |          |
 blks_hit       | bigint                   |           |          |
 tup_returned   | bigint                   |           |          |
 tup_fetched    | bigint                   |           |          |
 tup_inserted   | bigint                   |           |          |
 tup_updated    | bigint                   |           |          |
 tup_deleted    | bigint                   |           |          |
 conflicts      | bigint                   |           |          |
 temp_files     | bigint                   |           |          |
 temp_bytes     | bigint                   |           |          |
 deadlocks      | bigint                   |           |          |
 blk_read_time  | double precision         |           |          |
 blk_write_time | double precision         |           |          |
 stats_reset    | timestamp with time zone |           |          |
```
参数说明如下：

- numbackends: 当前有多少个并发连接，理论上控制在CPU核数的1.5倍可以获得更好的性能。
- blks_read,blks_hit: 读取磁盘快的次数与这些快的缓存命中数
- xact_commit,xact_rollback:提交和回滚的事务数
- deadlocks:从上次执行pg_stat_reset以来的死锁数量

查询缓存命中率：
```text
e_commerce=# select  blks_hit::float/(blks_read+blks_hit+1),numbackends,datid,datname  from pg_stat_database;
     ?column?      | numbackends | datid |     datname
-------------------+-------------+-------+-----------------
 0.975712446720741 |           0 | 13881 | postgres
```
缓存命中率是衡量I/O性能的最重要指标，它应该非常接近1，否则应该调整shared_buffers的配置，如果命中率低于99%。可以尝试调大它的值。

查询事务提交率：
```text
e_commerce=# select  xact_commit::float/(xact_commit+xact_rollback+1),numbackends,datid,datname  from pg_stat_database where datname=current_database();
     ?column?      | numbackends | datid |  datname
-------------------+-------------+-------+------------
 0.998341942134857 |           1 | 17867 | e_commerce
```
事务提交率则可以知道我们应用的健康情况，它应该等于或非常接近1，否则检查是否死锁或其他超时太多  
<br>
pg_stat_database里的统计信息（除了numbackends和stats_reset）其他值都是执行pg_stat_reset()命令以来的统计信息，如果变更配置或者调整优化之后，可以执行pg_stat_reset重新统计这些数据

### pg_stat_user(all)_tables
表级别的统计信息最常用的时pg_stat_user_tables视图，它的定义如下：
```text
postgres=# \d pg_stat_all_tables
                      View "pg_catalog.pg_stat_user_tables"
       Column        |           Type           | Collation | Nullable | Default
---------------------+--------------------------+-----------+----------+---------
 relid               | oid                      |           |          |
 schemaname          | name                     |           |          |
 relname             | name                     |           |          |
 seq_scan            | bigint                   |           |          |
 seq_tup_read        | bigint                   |           |          |
 idx_scan            | bigint                   |           |          |
 idx_tup_fetch       | bigint                   |           |          |
 n_tup_ins           | bigint                   |           |          |
 n_tup_upd           | bigint                   |           |          |
 n_tup_del           | bigint                   |           |          |
 n_tup_hot_upd       | bigint                   |           |          |
 n_live_tup          | bigint                   |           |          |
 n_dead_tup          | bigint                   |           |          |
 n_mod_since_analyze | bigint                   |           |          |
 last_vacuum         | timestamp with time zone |           |          |
 last_autovacuum     | timestamp with time zone |           |          |
 last_analyze        | timestamp with time zone |           |          |
 last_autoanalyze    | timestamp with time zone |           |          |
 vacuum_count        | bigint                   |           |          |
 autovacuum_count    | bigint                   |           |          |
 analyze_count       | bigint                   |           |          |
 autoanalyze_count   | bigint                   |           |          |
```

- last_vacuum,last_analyze:最后一次在此表上手动执行vacuum和analyze的时间。
- last_autovacuum,last_autoanalyze:最后一次在此表上被autovacuum守护程序执行autovacuum和analyze的时间。
- idx_scan, idx_tup_fetch: 在此表上进行索引扫描的次数以及通过顺序扫描读取的行数。
- seq_scan, seq_tup_read: 在此表上顺序扫描的次数以及通过顺序扫描读取的行数。
- n_tup_ins, n_tup_upd, n_tup_del: 插入和更新和删除的行数。
- n_live_tup, n_dead_tup: live tuple与dead tuple的估计数。

从性能角度来看，最有意义的数据是与索引和顺序扫描有关的统计信息。当数据库可以使用索引获取那些行时，会发生顺序扫描。另一个方便，当一个表必须被线性处理以确定哪些行属于一个集合时候，会发生顺序扫描。因为实际的表数据存储在无序的堆中，读取行是一项耗时的操作，顺序扫描对于大表来说是成本非常高。因此，应该调整索引定义，以便数据库尽可能少地执行顺序扫描。索引扫描与整个数据库的素有扫描的比率可以计算如下：
```text
postgres=# select sum(idx_scan)/(sum(idx_scan) + sum(seq_scan) ) from pg_stat_all_tables  ;
-[ RECORD 1 ]--------------------
?column? | 0.79568922740953814308
```
索引使用率应该尽可能地接近1，如果索引使用率 比较低应该调整索引。


### pg_stat_statements
语句级别的统计信息一般用pg_stat_statements、日志和auto_explain来获取。
最好用的还是pg_stat_statements， pg_stat_ments是一个插件需要安装，这个是官方的定义如下：
```
postgres=# \d pg_stat_statements
                    View "public.pg_stat_statements"
       Column        |       Type       | Collation | Nullable | Default
---------------------+------------------+-----------+----------+---------
 userid              | oid              |           |          |
 dbid                | oid              |           |          |
 queryid             | bigint           |           |          |
 query               | text             |           |          |
 calls               | bigint           |           |          |
 total_time          | double precision |           |          |
 min_time            | double precision |           |          |
 max_time            | double precision |           |          |
 mean_time           | double precision |           |          |
 stddev_time         | double precision |           |          |
 rows                | bigint           |           |          |
 shared_blks_hit     | bigint           |           |          |
 shared_blks_read    | bigint           |           |          |
 shared_blks_dirtied | bigint           |           |          |
 shared_blks_written | bigint           |           |          |
 local_blks_hit      | bigint           |           |          |
 local_blks_read     | bigint           |           |          |
 local_blks_dirtied  | bigint           |           |          |
 local_blks_written  | bigint           |           |          |
 temp_blks_read      | bigint           |           |          |
 temp_blks_written   | bigint           |           |          |
 blk_read_time       | double precision |           |          |
 blk_write_time      | double precision |           |          |
```
参数说明：

- calls:调用次数
- total_time: 执行的总次数
- min_time: 最小的执行时间
- max_time: 最大的执行时间
- mean_time: 平均时间
- rows: 影响的数据行
- shared_blks_hit: 此SQL命中的共享内存数据块数
- shared_blks_read: 此SQL读取的共享内存数据块数
- shared_blks_dirtied: 此SQL产生的共享内存数据脏块数革
- shared_blks_written: 此SQL写入的共享内存数据块数


查询平均执行时间最长的3条查询
```text
postgres=# select calls,total_time/calls as av_time,query from pg_stat_statements order by 2 desc limit 3;
 calls |  av_time  |                                     query                                      
-------+-----------+--------------------------------------------------------------------------------
     1 | 121.30997 | create extension pg_stat_statements
     1 | 10.909041 | select sum(idx_scan)/(sum(idx_scan) + sum(seq_scan) ) from pg_stat_all_tables
     1 | 10.806596 | select sum(idx_scan)/(sum(idx_scan) + sum(seq_scan) ) from pg_stat_user_tables
```

### 查看sql执行计划
执行计划，也叫作查询计划 ，会显示将怎样扫描语句中用到的表， 例如使用顺序扫描 还是索引扫描等等 ，以及多个表连接时使用什么连接算法来把每个输入表的行连接在一起。  
explain 和 explain analyze 区别是后者会实际执行SQL  
```text
test=# explain select * from log_par;
                                    QUERY PLAN                                     
-----------------------------------------------------------------------------------
 Gather  (cost=1000.00..48334.92 rows=393121 width=16)
   Workers Planned: 1
   Single Copy: true
   ->  Append  (cost=0.00..8022.82 rows=393121 width=16)
         ->  Seq Scan on log_par_201905  (cost=0.00..2663.01 rows=172801 width=16)
         ->  Seq Scan on log_par_201910  (cost=0.00..3394.20 rows=220320 width=16)
(6 rows)

test=# explain analyze select * from log_par;
                                                            QUERY PLAN                                                             
-----------------------------------------------------------------------------------------------------------------------------------
 Gather  (cost=1000.00..48334.92 rows=393121 width=16) (actual time=5.981..208.882 rows=393121 loops=1)
   Workers Planned: 1
   Workers Launched: 1
   Single Copy: true
   ->  Append  (cost=0.00..8022.82 rows=393121 width=16) (actual time=0.061..87.115 rows=393121 loops=1)
         ->  Seq Scan on log_par_201905  (cost=0.00..2663.01 rows=172801 width=16) (actual time=0.058..25.029 rows=172801 loops=1)
         ->  Seq Scan on log_par_201910  (cost=0.00..3394.20 rows=220320 width=16) (actual time=0.061..31.915 rows=220320 loops=1)
 Planning Time: 0.127 ms
 Execution Time: 226.306 ms
```
> 由于explain analyze会实际执行SQL语句，可以使用begin rollback的方式。

除了 ANALYZE 选项，还可以使用 COSTS、 BUFFERS、 TIMING、 FORMAT 这些选 项输出比较详细的查询计划。
```text
test=# EXPLAIN (ANALYZE on,TIMING on,VERBOSE on,BUFFERS on) select * from log_par;
                                                                QUERY PLAN                                                                
------------------------------------------------------------------------------------------------------------------------------------------
 Gather  (cost=1000.00..48334.92 rows=393121 width=16) (actual time=5.073..211.468 rows=393121 loops=1)
   Output: log_par_201905.id, log_par_201905.user_id, log_par_201905.create_time
   Workers Planned: 1
   Workers Launched: 1
   Single Copy: true
   Buffers: shared hit=2126
   ->  Append  (cost=0.00..8022.82 rows=393121 width=16) (actual time=0.022..83.719 rows=393121 loops=1)
         Buffers: shared hit=2126
         Worker 0: actual time=0.022..83.719 rows=393121 loops=1
           Buffers: shared hit=2126
         ->  Seq Scan on public.log_par_201905  (cost=0.00..2663.01 rows=172801 width=16) (actual time=0.019..21.077 rows=172801 loops=1)
               Output: log_par_201905.id, log_par_201905.user_id, log_par_201905.create_time
               Buffers: shared hit=935
               Worker 0: actual time=0.019..21.077 rows=172801 loops=1
                 Buffers: shared hit=935
         ->  Seq Scan on public.log_par_201910  (cost=0.00..3394.20 rows=220320 width=16) (actual time=0.048..27.433 rows=220320 loops=1)
               Output: log_par_201910.id, log_par_201910.user_id, log_par_201910.create_time
               Buffers: shared hit=1191
               Worker 0: actual time=0.048..27.433 rows=220320 loops=1
                 Buffers: shared hit=1191
 Planning Time: 0.104 ms
 Execution Time: 232.389 ms
(22 rows)
```

### 索引管理和维护
 B-tree索引通常用于等值和范围查询; Hash索引只能处理简单等 值查询; GIN 索引是适合于包含多个组成值的数据值。  
 在 PostgreSQL 中执行 CREATE INDEX 命令时，可以使用 CONCURRENTLY 参数并行 创建索引，使用 CONCURRENTLY 参数不会锁表， 创建 索 引过程中不会阻塞表的更新 、 插 入、删除操作 。   
```text
CREATE UNIQUE INDEX CONCURRENTLY ON mytbl USING btree (id);
```